<?xml version="1.0" encoding="utf-8"?><testsuites name="pytest tests"><testsuite name="pytest" errors="0" failures="0" skipped="1" tests="20" time="22.241" timestamp="2026-02-04T14:43:41.984492+00:00" hostname="agent-env-576cf7ef-7fef-4503-99ae-86378a7e8986"><testcase classname="backend.tests.test_core_flows.TestSetup" name="test_api_health" time="0.364" /><testcase classname="backend.tests.test_core_flows.TestSetup" name="test_super_admin_login" time="0.858" /><testcase classname="backend.tests.test_core_flows.TestSetup" name="test_buyer_login" time="0.772" /><testcase classname="backend.tests.test_core_flows.TestListingFlow" name="test_listing_creation_requires_kyc" time="1.845" /><testcase classname="backend.tests.test_core_flows.TestListingFlow" name="test_get_listings" time="0.301" /><testcase classname="backend.tests.test_core_flows.TestListingFlow" name="test_admin_pending_listings" time="0.341" /><testcase classname="backend.tests.test_core_flows.TestWalletFlow" name="test_get_balance" time="1.140" /><testcase classname="backend.tests.test_core_flows.TestWalletFlow" name="test_mock_deposit" time="0.815" /><testcase classname="backend.tests.test_core_flows.TestWalletFlow" name="test_wallet_history" time="0.330" /><testcase classname="backend.tests.test_core_flows.TestOrderFlow" name="test_buyer_purchases" time="1.312" /><testcase classname="backend.tests.test_core_flows.TestOrderFlow" name="test_create_order_insufficient_balance" time="2.345"><skipped type="pytest.skip" message="Buyer has sufficient balance, cannot test insufficient balance scenario">/app/backend/tests/test_core_flows.py:289: Buyer has sufficient balance, cannot test insufficient balance scenario</skipped></testcase><testcase classname="backend.tests.test_core_flows.TestOrderFlow" name="test_full_order_flow" time="3.009" /><testcase classname="backend.tests.test_core_flows.TestDisputeFlow" name="test_dispute_requires_delivered_status" time="1.420" /><testcase classname="backend.tests.test_core_flows.TestChatFlow" name="test_get_conversations" time="1.342" /><testcase classname="backend.tests.test_core_flows.TestChatFlow" name="test_get_order_chat" time="0.624" /><testcase classname="backend.tests.test_core_flows.TestChatFlow" name="test_send_message_to_conversation" time="1.055" /><testcase classname="backend.tests.test_core_flows.TestReviewFlow" name="test_review_requires_completed_order" time="1.391" /><testcase classname="backend.tests.test_core_flows.TestReviewFlow" name="test_submit_review_completed_order" time="1.303" /><testcase classname="backend.tests.test_core_flows.TestSellerSales" name="test_get_my_sales" time="1.198" /><testcase classname="backend.tests.test_core_flows.TestSellerSales" name="test_get_my_listings" time="0.384" /></testsuite></testsuites>