<?xml version="1.0" encoding="utf-8"?><testsuites name="pytest tests"><testsuite name="pytest" errors="0" failures="0" skipped="0" tests="14" time="8.436" timestamp="2026-02-04T15:18:33.588197+00:00" hostname="agent-env-576cf7ef-7fef-4503-99ae-86378a7e8986"><testcase classname="backend.tests.test_new_features.TestNotifications" name="test_get_notifications_requires_auth" time="0.077" /><testcase classname="backend.tests.test_new_features.TestNotifications" name="test_get_notifications_success" time="1.061" /><testcase classname="backend.tests.test_new_features.TestNotifications" name="test_get_notifications_with_limit" time="1.115" /><testcase classname="backend.tests.test_new_features.TestNotifications" name="test_mark_all_read" time="1.077" /><testcase classname="backend.tests.test_new_features.TestSellerPublicProfile" name="test_get_seller_profile_superadmin" time="0.339" /><testcase classname="backend.tests.test_new_features.TestSellerPublicProfile" name="test_seller_profile_not_found" time="0.240" /><testcase classname="backend.tests.test_new_features.TestSellerPublicProfile" name="test_seller_profile_requires_seller_role" time="0.208" /><testcase classname="backend.tests.test_new_features.TestPasswordRecovery" name="test_forgot_password_endpoint_exists" time="0.213" /><testcase classname="backend.tests.test_new_features.TestPasswordRecovery" name="test_forgot_password_existing_user" time="0.957" /><testcase classname="backend.tests.test_new_features.TestPasswordRecovery" name="test_forgot_password_nonexistent_user" time="0.230" /><testcase classname="backend.tests.test_new_features.TestPasswordRecovery" name="test_reset_password_invalid_token" time="1.783" /><testcase classname="backend.tests.test_new_features.TestPasswordRecovery" name="test_reset_password_weak_password" time="0.038" /><testcase classname="backend.tests.test_new_features.TestUserMeEndpoint" name="test_get_me_requires_auth" time="0.051" /><testcase classname="backend.tests.test_new_features.TestUserMeEndpoint" name="test_get_me_success" time="0.989" /></testsuite></testsuites>