<?xml version="1.0" encoding="utf-8"?><testsuites name="pytest tests"><testsuite name="pytest" errors="3" failures="9" skipped="0" tests="20" time="21.568" timestamp="2026-01-28T07:41:23.423696+00:00" hostname="agent-env-207100db-0fdf-42ea-a30f-43995f763ad6"><testcase classname="backend.tests.test_superadmin.TestSuperAdminAuth" name="test_super_admin_login" time="0.938" /><testcase classname="backend.tests.test_superadmin.TestSuperAdminAuth" name="test_admin_login" time="0.780" /><testcase classname="backend.tests.test_superadmin.TestSuperAdminDashboard" name="test_dashboard_returns_stats" time="3.854"><failure message="AssertionError: assert 'total_users' in {'data': {'active_listings': 0, 'disputed_orders': 0, 'finance': {'platform_fee_30d_usd': 0.0, 'platform_fee_all_time_usd': 0.0, 'total_deposits_usd': 0.0, 'total_escrow_held_usd': 0.0, ...}, 'kyc_status_distribution': [{'name': 'not_submitted', 'value': 2}, {'name': 'pending', 'value': 0}, {'name': 'approved', 'value': 3}, {'name': 'rejected', 'value': 0}], ...}, 'success': True}">backend/tests/test_superadmin.py:88: in test_dashboard_returns_stats
    assert "total_users" in data
E   AssertionError: assert 'total_users' in {'data': {'active_listings': 0, 'disputed_orders': 0, 'finance': {'platform_fee_30d_usd': 0.0, 'platform_fee_all_time_usd': 0.0, 'total_deposits_usd': 0.0, 'total_escrow_held_usd': 0.0, ...}, 'kyc_status_distribution': [{'name': 'not_submitted', 'value': 2}, {'name': 'pending', 'value': 0}, {'name': 'approved', 'value': 3}, {'name': 'rejected', 'value': 0}], ...}, 'success': True}</failure></testcase><testcase classname="backend.tests.test_superadmin.TestSuperAdminDashboard" name="test_admin_cannot_access_superadmin_dashboard" time="1.039" /><testcase classname="backend.tests.test_superadmin.TestSuperAdminUsersManagement" name="test_get_users_list" time="1.073"><failure message="AssertionError: assert 'users' in {'data': {'page': 1, 'page_size': 20, 'total': 5, 'users': [{'address_line1': None, 'address_line2': None, 'auth_provider': 'email', 'city': None, ...}, {'address_line1': None, 'address_line2': None, 'auth_provider': 'email', 'city': None, ...}, {'address_line1': None, 'address_line2': None, 'auth_provider': 'email', 'city': None, ...}, {'address_line1': None, 'address_line2': None, 'auth_provider': 'email', 'city': None, ...}, {'address_line1': None, 'address_line2': None, 'auth_provider': 'email', 'city': None, ...}]}, 'success': True}">backend/tests/test_superadmin.py:169: in test_get_users_list
    assert "users" in data
E   AssertionError: assert 'users' in {'data': {'page': 1, 'page_size': 20, 'total': 5, 'users': [{'address_line1': None, 'address_line2': None, 'auth_provider': 'email', 'city': None, ...}, {'address_line1': None, 'address_line2': None, 'auth_provider': 'email', 'city': None, ...}, {'address_line1': None, 'address_line2': None, 'auth_provider': 'email', 'city': None, ...}, {'address_line1': None, 'address_line2': None, 'auth_provider': 'email', 'city': None, ...}, {'address_line1': None, 'address_line2': None, 'auth_provider': 'email', 'city': None, ...}]}, 'success': True}</failure></testcase><testcase classname="backend.tests.test_superadmin.TestSuperAdminUsersManagement" name="test_get_users_with_filters" time="1.077"><failure message="KeyError: 'users'">backend/tests/test_superadmin.py:194: in test_get_users_with_filters
    for user in data["users"]:
                ^^^^^^^^^^^^^
E   KeyError: 'users'</failure></testcase><testcase classname="backend.tests.test_superadmin.TestSuperAdminUsersManagement" name="test_get_user_detail" time="1.045"><failure message="KeyError: 'users'">backend/tests/test_superadmin.py:207: in test_get_user_detail
    users = response.json()["users"]
            ^^^^^^^^^^^^^^^^^^^^^^^^
E   KeyError: 'users'</failure></testcase><testcase classname="backend.tests.test_superadmin.TestSuperAdminUsersManagement" name="test_admin_cannot_access_superadmin_users" time="0.998" /><testcase classname="backend.tests.test_superadmin.TestSuperAdminFinanceConsole" name="test_search_user_for_finance" time="1.112"><failure message="KeyError: 'total'">backend/tests/test_superadmin.py:282: in test_search_user_for_finance
    assert data["total"] &gt; 0
           ^^^^^^^^^^^^^
E   KeyError: 'total'</failure></testcase><testcase classname="backend.tests.test_superadmin.TestSuperAdminFinanceConsole" name="test_credit_wallet_creates_audit_log" time="1.043"><error message="failed on setup with &quot;KeyError: 'users'&quot;">backend/tests/test_superadmin.py:264: in test_user_id
    users = response.json()["users"]
            ^^^^^^^^^^^^^^^^^^^^^^^^
E   KeyError: 'users'</error></testcase><testcase classname="backend.tests.test_superadmin.TestSuperAdminFinanceConsole" name="test_debit_requires_password" time="1.048"><error message="failed on setup with &quot;KeyError: 'users'&quot;">backend/tests/test_superadmin.py:264: in test_user_id
    users = response.json()["users"]
            ^^^^^^^^^^^^^^^^^^^^^^^^
E   KeyError: 'users'</error></testcase><testcase classname="backend.tests.test_superadmin.TestSuperAdminFinanceConsole" name="test_freeze_requires_password" time="1.048"><error message="failed on setup with &quot;KeyError: 'users'&quot;">backend/tests/test_superadmin.py:264: in test_user_id
    users = response.json()["users"]
            ^^^^^^^^^^^^^^^^^^^^^^^^
E   KeyError: 'users'</error></testcase><testcase classname="backend.tests.test_superadmin.TestSuperAdminAuditLogs" name="test_get_audit_logs" time="0.872"><failure message="AssertionError: Get audit logs failed: {&quot;detail&quot;:&quot;Not Found&quot;}&#10;assert 404 == 200&#10; +  where 404 = &lt;Response [404]&gt;.status_code">backend/tests/test_superadmin.py:384: in test_get_audit_logs
    assert response.status_code == 200, f"Get audit logs failed: {response.text}"
E   AssertionError: Get audit logs failed: {"detail":"Not Found"}
E   assert 404 == 200
E    +  where 404 = &lt;Response [404]&gt;.status_code</failure></testcase><testcase classname="backend.tests.test_superadmin.TestSuperAdminAuditLogs" name="test_filter_audit_logs_by_action_type" time="0.807"><failure message="AssertionError: Filter failed: {&quot;detail&quot;:&quot;Not Found&quot;}&#10;assert 404 == 200&#10; +  where 404 = &lt;Response [404]&gt;.status_code">backend/tests/test_superadmin.py:405: in test_filter_audit_logs_by_action_type
    assert response.status_code == 200, f"Filter failed: {response.text}"
E   AssertionError: Filter failed: {"detail":"Not Found"}
E   assert 404 == 200
E    +  where 404 = &lt;Response [404]&gt;.status_code</failure></testcase><testcase classname="backend.tests.test_superadmin.TestSuperAdminAuditLogs" name="test_admin_cannot_access_audit_logs" time="0.810"><failure message="AssertionError: Expected 403, got 404&#10;assert 404 == 403&#10; +  where 404 = &lt;Response [404]&gt;.status_code">backend/tests/test_superadmin.py:420: in test_admin_cannot_access_audit_logs
    assert response.status_code == 403, f"Expected 403, got {response.status_code}"
E   AssertionError: Expected 403, got 404
E   assert 404 == 403
E    +  where 404 = &lt;Response [404]&gt;.status_code</failure></testcase><testcase classname="backend.tests.test_superadmin.TestRoleBasedAccessControl" name="test_admin_denied_superadmin_dashboard" time="0.978" /><testcase classname="backend.tests.test_superadmin.TestRoleBasedAccessControl" name="test_admin_denied_superadmin_users" time="1.021" /><testcase classname="backend.tests.test_superadmin.TestRoleBasedAccessControl" name="test_admin_denied_superadmin_audit_logs" time="0.815"><failure message="assert 404 == 403&#10; +  where 404 = &lt;Response [404]&gt;.status_code">backend/tests/test_superadmin.py:462: in test_admin_denied_superadmin_audit_logs
    assert response.status_code == 403
E   assert 404 == 403
E    +  where 404 = &lt;Response [404]&gt;.status_code</failure></testcase><testcase classname="backend.tests.test_superadmin.TestRoleBasedAccessControl" name="test_admin_denied_wallet_credit" time="1.003" /><testcase classname="backend.tests.test_superadmin.TestRoleBasedAccessControl" name="test_unauthenticated_denied_superadmin" time="0.037" /></testsuite></testsuites>