<?xml version="1.0" encoding="utf-8"?><testsuites name="pytest tests"><testsuite name="pytest" errors="0" failures="0" skipped="0" tests="20" time="27.993" timestamp="2026-01-28T07:43:47.924517+00:00" hostname="agent-env-207100db-0fdf-42ea-a30f-43995f763ad6"><testcase classname="backend.tests.test_superadmin.TestSuperAdminAuth" name="test_super_admin_login" time="0.925" /><testcase classname="backend.tests.test_superadmin.TestSuperAdminAuth" name="test_admin_login" time="2.799" /><testcase classname="backend.tests.test_superadmin.TestSuperAdminDashboard" name="test_dashboard_returns_stats" time="3.803" /><testcase classname="backend.tests.test_superadmin.TestSuperAdminDashboard" name="test_admin_cannot_access_superadmin_dashboard" time="3.122" /><testcase classname="backend.tests.test_superadmin.TestSuperAdminUsersManagement" name="test_get_users_list" time="1.062" /><testcase classname="backend.tests.test_superadmin.TestSuperAdminUsersManagement" name="test_get_users_with_filters" time="1.074" /><testcase classname="backend.tests.test_superadmin.TestSuperAdminUsersManagement" name="test_get_user_detail" time="1.487" /><testcase classname="backend.tests.test_superadmin.TestSuperAdminUsersManagement" name="test_admin_cannot_access_superadmin_users" time="0.977" /><testcase classname="backend.tests.test_superadmin.TestSuperAdminFinanceConsole" name="test_search_user_for_finance" time="1.100" /><testcase classname="backend.tests.test_superadmin.TestSuperAdminFinanceConsole" name="test_credit_wallet_creates_audit_log" time="1.814" /><testcase classname="backend.tests.test_superadmin.TestSuperAdminFinanceConsole" name="test_debit_requires_password" time="1.255" /><testcase classname="backend.tests.test_superadmin.TestSuperAdminFinanceConsole" name="test_freeze_requires_password" time="1.276" /><testcase classname="backend.tests.test_superadmin.TestSuperAdminAuditLogs" name="test_get_audit_logs" time="1.090" /><testcase classname="backend.tests.test_superadmin.TestSuperAdminAuditLogs" name="test_filter_audit_logs_by_action_type" time="1.035" /><testcase classname="backend.tests.test_superadmin.TestSuperAdminAuditLogs" name="test_admin_cannot_access_audit_logs" time="1.001" /><testcase classname="backend.tests.test_superadmin.TestRoleBasedAccessControl" name="test_admin_denied_superadmin_dashboard" time="1.044" /><testcase classname="backend.tests.test_superadmin.TestRoleBasedAccessControl" name="test_admin_denied_superadmin_users" time="0.995" /><testcase classname="backend.tests.test_superadmin.TestRoleBasedAccessControl" name="test_admin_denied_superadmin_audit_logs" time="0.986" /><testcase classname="backend.tests.test_superadmin.TestRoleBasedAccessControl" name="test_admin_denied_wallet_credit" time="0.999" /><testcase classname="backend.tests.test_superadmin.TestRoleBasedAccessControl" name="test_unauthenticated_denied_superadmin" time="0.057" /></testsuite></testsuites>