<?xml version="1.0" encoding="utf-8"?><testsuites name="pytest tests"><testsuite name="pytest" errors="0" failures="3" skipped="0" tests="18" time="15.584" timestamp="2026-01-28T15:50:58.758475+00:00" hostname="agent-env-f7c26c06-53ba-46c6-b43f-ee23c6f2687d"><testcase classname="backend.tests.test_superadmin_modules.TestSuperAdminAuth" name="test_super_admin_login" time="0.895" /><testcase classname="backend.tests.test_superadmin_modules.TestGiftCardManagement" name="test_generate_gift_cards" time="1.392"><failure message="AssertionError: Value mismatch: None&#10;assert None == 25.0&#10; +  where None = &lt;built-in method get of dict object at 0xfbd69efa96c0&gt;('value_usd')&#10; +    where &lt;built-in method get of dict object at 0xfbd69efa96c0&gt; = {'amount_usd': 25.0, 'code': '7936360001359448', 'created_at': '2026-01-28T15:51:00.822864+00:00', 'id': '1f990eb8-2953-4b46-ad45-10e9ef289ebd', ...}.get">backend/tests/test_superadmin_modules.py:72: in test_generate_gift_cards
    assert card.get("value_usd") == 25.00, f"Value mismatch: {card.get('value_usd')}"
E   AssertionError: Value mismatch: None
E   assert None == 25.0
E    +  where None = &lt;built-in method get of dict object at 0xfbd69efa96c0&gt;('value_usd')
E    +    where &lt;built-in method get of dict object at 0xfbd69efa96c0&gt; = {'amount_usd': 25.0, 'code': '7936360001359448', 'created_at': '2026-01-28T15:51:00.822864+00:00', 'id': '1f990eb8-2953-4b46-ad45-10e9ef289ebd', ...}.get</failure></testcase><testcase classname="backend.tests.test_superadmin_modules.TestGiftCardManagement" name="test_list_gift_cards" time="0.641" /><testcase classname="backend.tests.test_superadmin_modules.TestGiftCardManagement" name="test_search_gift_card_by_code" time="0.621" /><testcase classname="backend.tests.test_superadmin_modules.TestGiftCardManagement" name="test_deactivate_gift_card" time="0.680" /><testcase classname="backend.tests.test_superadmin_modules.TestGiftCardManagement" name="test_deactivate_requires_reason" time="0.498" /><testcase classname="backend.tests.test_superadmin_modules.TestAllOrdersView" name="test_get_all_orders" time="1.238" /><testcase classname="backend.tests.test_superadmin_modules.TestAllOrdersView" name="test_filter_orders_by_status" time="0.213"><failure message="AssertionError: Failed to filter by pending: {&quot;success&quot;:false,&quot;error&quot;:{&quot;code&quot;:&quot;INTERNAL_ERROR&quot;,&quot;message&quot;:&quot;An internal error occurred&quot;}}&#10;assert 520 == 200&#10; +  where 520 = &lt;Response [520]&gt;.status_code">backend/tests/test_superadmin_modules.py:219: in test_filter_orders_by_status
    assert response.status_code == 200, f"Failed to filter by {status}: {response.text}"
E   AssertionError: Failed to filter by pending: {"success":false,"error":{"code":"INTERNAL_ERROR","message":"An internal error occurred"}}
E   assert 520 == 200
E    +  where 520 = &lt;Response [520]&gt;.status_code</failure></testcase><testcase classname="backend.tests.test_superadmin_modules.TestAllOrdersView" name="test_search_orders" time="0.318" /><testcase classname="backend.tests.test_superadmin_modules.TestAllOrdersView" name="test_orders_pagination" time="0.261" /><testcase classname="backend.tests.test_superadmin_modules.TestWithdrawalsManagement" name="test_get_withdrawals" time="1.172" /><testcase classname="backend.tests.test_superadmin_modules.TestWithdrawalsManagement" name="test_filter_withdrawals_by_status" time="0.286"><failure message="AssertionError: Failed to filter by pending: {&quot;success&quot;:false,&quot;error&quot;:{&quot;code&quot;:&quot;INTERNAL_ERROR&quot;,&quot;message&quot;:&quot;An internal error occurred&quot;}}&#10;assert 520 == 200&#10; +  where 520 = &lt;Response [520]&gt;.status_code">backend/tests/test_superadmin_modules.py:282: in test_filter_withdrawals_by_status
    assert response.status_code == 200, f"Failed to filter by {status}: {response.text}"
E   AssertionError: Failed to filter by pending: {"success":false,"error":{"code":"INTERNAL_ERROR","message":"An internal error occurred"}}
E   assert 520 == 200
E    +  where 520 = &lt;Response [520]&gt;.status_code</failure></testcase><testcase classname="backend.tests.test_superadmin_modules.TestWithdrawalsManagement" name="test_withdrawals_pagination" time="0.292" /><testcase classname="backend.tests.test_superadmin_modules.TestAdminScopes" name="test_get_admins_list" time="1.098" /><testcase classname="backend.tests.test_superadmin_modules.TestAdminScopes" name="test_get_admin_scopes" time="0.498" /><testcase classname="backend.tests.test_superadmin_modules.TestAdminScopes" name="test_update_admin_scopes" time="0.817" /><testcase classname="backend.tests.test_superadmin_modules.TestSystemHealth" name="test_get_system_health" time="1.048" /><testcase classname="backend.tests.test_superadmin_modules.TestDashboardNavigation" name="test_dashboard_stats" time="3.503" /></testsuite></testsuites>