<?xml version="1.0" encoding="utf-8"?><testsuites name="pytest tests"><testsuite name="pytest" errors="0" failures="3" skipped="0" tests="21" time="13.922" timestamp="2026-02-07T09:23:29.833136+00:00" hostname="agent-env-2caebe80-f231-4868-b6d9-6b914c38f282"><testcase classname="backend.tests.test_chat_system.TestChatSystemSetup" name="test_user_login" time="0.820" /><testcase classname="backend.tests.test_chat_system.TestChatSystemSetup" name="test_admin_login" time="0.887" /><testcase classname="backend.tests.test_chat_system.TestSupportChat" name="test_get_user_conversations" time="1.295"><failure message="AssertionError: Get conversations failed: {&quot;success&quot;:false,&quot;error&quot;:{&quot;code&quot;:&quot;INTERNAL_ERROR&quot;,&quot;message&quot;:&quot;An internal error occurred&quot;}}&#10;assert 520 == 200&#10; +  where 520 = &lt;Response [520]&gt;.status_code">backend/tests/test_chat_system.py:136: in test_get_user_conversations
    assert response.status_code == 200, f"Get conversations failed: {response.text}"
E   AssertionError: Get conversations failed: {"success":false,"error":{"code":"INTERNAL_ERROR","message":"An internal error occurred"}}
E   assert 520 == 200
E    +  where 520 = &lt;Response [520]&gt;.status_code</failure></testcase><testcase classname="backend.tests.test_chat_system.TestSupportChat" name="test_get_support_conversations" time="0.317"><failure message="AssertionError: Get support conversations failed: {&quot;success&quot;:false,&quot;error&quot;:{&quot;code&quot;:&quot;INTERNAL_ERROR&quot;,&quot;message&quot;:&quot;An internal error occurred&quot;}}&#10;assert 520 == 200&#10; +  where 520 = &lt;Response [520]&gt;.status_code">backend/tests/test_chat_system.py:144: in test_get_support_conversations
    assert response.status_code == 200, f"Get support conversations failed: {response.text}"
E   AssertionError: Get support conversations failed: {"success":false,"error":{"code":"INTERNAL_ERROR","message":"An internal error occurred"}}
E   assert 520 == 200
E    +  where 520 = &lt;Response [520]&gt;.status_code</failure></testcase><testcase classname="backend.tests.test_chat_system.TestSupportChat" name="test_create_support_request" time="0.590" /><testcase classname="backend.tests.test_chat_system.TestSupportChat" name="test_admin_can_view_support_requests" time="1.181" /><testcase classname="backend.tests.test_chat_system.TestSupportChat" name="test_admin_can_accept_support_request" time="0.545" /><testcase classname="backend.tests.test_chat_system.TestSupportChat" name="test_user_can_send_message_in_support_chat" time="0.531" /><testcase classname="backend.tests.test_chat_system.TestSupportChat" name="test_admin_can_send_message_in_support_chat" time="0.536" /><testcase classname="backend.tests.test_chat_system.TestSupportChat" name="test_get_messages_in_support_chat" time="0.257" /><testcase classname="backend.tests.test_chat_system.TestSupportChat" name="test_close_support_chat" time="0.627" /><testcase classname="backend.tests.test_chat_system.TestUnreadCount" name="test_get_unread_count" time="1.189" /><testcase classname="backend.tests.test_chat_system.TestExistingSupportChat" name="test_get_existing_conversation_messages" time="1.079" /><testcase classname="backend.tests.test_chat_system.TestFileUpload" name="test_chat_file_upload_endpoint_exists" time="0.990" /><testcase classname="backend.tests.test_chat_system.TestConversationTypes" name="test_get_casual_conversations" time="1.174" /><testcase classname="backend.tests.test_chat_system.TestConversationTypes" name="test_get_order_conversations" time="0.201" /><testcase classname="backend.tests.test_chat_system.TestConversationTypes" name="test_get_support_conversations" time="0.452"><failure message="AssertionError: Get support conversations failed: {&quot;success&quot;:false,&quot;error&quot;:{&quot;code&quot;:&quot;INTERNAL_ERROR&quot;,&quot;message&quot;:&quot;An internal error occurred&quot;}}&#10;assert 520 == 200&#10; +  where 520 = &lt;Response [520]&gt;.status_code">backend/tests/test_chat_system.py:448: in test_get_support_conversations
    assert response.status_code == 200, f"Get support conversations failed: {response.text}"
E   AssertionError: Get support conversations failed: {"success":false,"error":{"code":"INTERNAL_ERROR","message":"An internal error occurred"}}
E   assert 520 == 200
E    +  where 520 = &lt;Response [520]&gt;.status_code</failure></testcase><testcase classname="backend.tests.test_chat_system.TestAuthRequired" name="test_get_chats_requires_auth" time="0.059" /><testcase classname="backend.tests.test_chat_system.TestAuthRequired" name="test_get_unread_requires_auth" time="0.033" /><testcase classname="backend.tests.test_chat_system.TestAuthRequired" name="test_create_support_requires_auth" time="0.037" /><testcase classname="backend.tests.test_chat_system.TestAuthRequired" name="test_support_requests_requires_admin" time="0.979" /></testsuite></testsuites>