<?xml version="1.0" encoding="utf-8"?><testsuites name="pytest tests"><testsuite name="pytest" errors="0" failures="0" skipped="0" tests="21" time="13.929" timestamp="2026-02-07T09:24:33.975865+00:00" hostname="agent-env-2caebe80-f231-4868-b6d9-6b914c38f282"><testcase classname="backend.tests.test_chat_system.TestChatSystemSetup" name="test_user_login" time="0.973" /><testcase classname="backend.tests.test_chat_system.TestChatSystemSetup" name="test_admin_login" time="0.806" /><testcase classname="backend.tests.test_chat_system.TestSupportChat" name="test_get_user_conversations" time="1.492" /><testcase classname="backend.tests.test_chat_system.TestSupportChat" name="test_get_support_conversations" time="0.424" /><testcase classname="backend.tests.test_chat_system.TestSupportChat" name="test_create_support_request" time="0.596" /><testcase classname="backend.tests.test_chat_system.TestSupportChat" name="test_admin_can_view_support_requests" time="1.369" /><testcase classname="backend.tests.test_chat_system.TestSupportChat" name="test_admin_can_accept_support_request" time="0.480" /><testcase classname="backend.tests.test_chat_system.TestSupportChat" name="test_user_can_send_message_in_support_chat" time="0.447" /><testcase classname="backend.tests.test_chat_system.TestSupportChat" name="test_admin_can_send_message_in_support_chat" time="0.432" /><testcase classname="backend.tests.test_chat_system.TestSupportChat" name="test_get_messages_in_support_chat" time="0.283" /><testcase classname="backend.tests.test_chat_system.TestSupportChat" name="test_close_support_chat" time="0.456" /><testcase classname="backend.tests.test_chat_system.TestUnreadCount" name="test_get_unread_count" time="1.118" /><testcase classname="backend.tests.test_chat_system.TestExistingSupportChat" name="test_get_existing_conversation_messages" time="1.133" /><testcase classname="backend.tests.test_chat_system.TestFileUpload" name="test_chat_file_upload_endpoint_exists" time="1.051" /><testcase classname="backend.tests.test_chat_system.TestConversationTypes" name="test_get_casual_conversations" time="1.021" /><testcase classname="backend.tests.test_chat_system.TestConversationTypes" name="test_get_order_conversations" time="0.204" /><testcase classname="backend.tests.test_chat_system.TestConversationTypes" name="test_get_support_conversations" time="0.458" /><testcase classname="backend.tests.test_chat_system.TestAuthRequired" name="test_get_chats_requires_auth" time="0.038" /><testcase classname="backend.tests.test_chat_system.TestAuthRequired" name="test_get_unread_requires_auth" time="0.040" /><testcase classname="backend.tests.test_chat_system.TestAuthRequired" name="test_create_support_requires_auth" time="0.033" /><testcase classname="backend.tests.test_chat_system.TestAuthRequired" name="test_support_requests_requires_admin" time="0.981" /></testsuite></testsuites>