<?xml version="1.0" encoding="utf-8"?><testsuites name="pytest tests"><testsuite name="pytest" errors="0" failures="3" skipped="0" tests="20" time="23.629" timestamp="2026-01-28T07:43:00.859182+00:00" hostname="agent-env-207100db-0fdf-42ea-a30f-43995f763ad6"><testcase classname="backend.tests.test_superadmin.TestSuperAdminAuth" name="test_super_admin_login" time="0.899" /><testcase classname="backend.tests.test_superadmin.TestSuperAdminAuth" name="test_admin_login" time="0.767" /><testcase classname="backend.tests.test_superadmin.TestSuperAdminDashboard" name="test_dashboard_returns_stats" time="3.698" /><testcase classname="backend.tests.test_superadmin.TestSuperAdminDashboard" name="test_admin_cannot_access_superadmin_dashboard" time="1.060" /><testcase classname="backend.tests.test_superadmin.TestSuperAdminUsersManagement" name="test_get_users_list" time="1.077" /><testcase classname="backend.tests.test_superadmin.TestSuperAdminUsersManagement" name="test_get_users_with_filters" time="1.095" /><testcase classname="backend.tests.test_superadmin.TestSuperAdminUsersManagement" name="test_get_user_detail" time="1.442" /><testcase classname="backend.tests.test_superadmin.TestSuperAdminUsersManagement" name="test_admin_cannot_access_superadmin_users" time="0.998" /><testcase classname="backend.tests.test_superadmin.TestSuperAdminFinanceConsole" name="test_search_user_for_finance" time="1.090" /><testcase classname="backend.tests.test_superadmin.TestSuperAdminFinanceConsole" name="test_credit_wallet_creates_audit_log" time="1.746"><failure message="KeyError: 'logs'">backend/tests/test_superadmin.py:320: in test_credit_wallet_creates_audit_log
    logs = response.json()["data"]["logs"]
           ^^^^^^^^^^^^^^^^^^^^^^^^^^^^^^^
E   KeyError: 'logs'</failure></testcase><testcase classname="backend.tests.test_superadmin.TestSuperAdminFinanceConsole" name="test_debit_requires_password" time="1.233" /><testcase classname="backend.tests.test_superadmin.TestSuperAdminFinanceConsole" name="test_freeze_requires_password" time="1.322" /><testcase classname="backend.tests.test_superadmin.TestSuperAdminAuditLogs" name="test_get_audit_logs" time="1.124"><failure message="AssertionError: assert 'logs' in {'actions': [{'action_type': 'wallet_credit', 'actor_id': '42d173ad-3241-4428-b66f-5d6f04b40f35', 'actor_role': 'buyer', 'created_at': '2026-01-28T07:43:14.321258+00:00', ...}], 'page': 1, 'page_size': 20, 'total': 1}">backend/tests/test_superadmin.py:394: in test_get_audit_logs
    assert "logs" in data
E   AssertionError: assert 'logs' in {'actions': [{'action_type': 'wallet_credit', 'actor_id': '42d173ad-3241-4428-b66f-5d6f04b40f35', 'actor_role': 'buyer', 'created_at': '2026-01-28T07:43:14.321258+00:00', ...}], 'page': 1, 'page_size': 20, 'total': 1}</failure></testcase><testcase classname="backend.tests.test_superadmin.TestSuperAdminAuditLogs" name="test_filter_audit_logs_by_action_type" time="1.025"><failure message="KeyError: 'logs'">backend/tests/test_superadmin.py:416: in test_filter_audit_logs_by_action_type
    for log in data["logs"]:
               ^^^^^^^^^^^^
E   KeyError: 'logs'</failure></testcase><testcase classname="backend.tests.test_superadmin.TestSuperAdminAuditLogs" name="test_admin_cannot_access_audit_logs" time="0.966" /><testcase classname="backend.tests.test_superadmin.TestRoleBasedAccessControl" name="test_admin_denied_superadmin_dashboard" time="1.009" /><testcase classname="backend.tests.test_superadmin.TestRoleBasedAccessControl" name="test_admin_denied_superadmin_users" time="0.993" /><testcase classname="backend.tests.test_superadmin.TestRoleBasedAccessControl" name="test_admin_denied_superadmin_audit_logs" time="0.966" /><testcase classname="backend.tests.test_superadmin.TestRoleBasedAccessControl" name="test_admin_denied_wallet_credit" time="0.968" /><testcase classname="backend.tests.test_superadmin.TestRoleBasedAccessControl" name="test_unauthenticated_denied_superadmin" time="0.037" /></testsuite></testsuites>