<?xml version="1.0" encoding="utf-8"?><testsuites name="pytest tests"><testsuite name="pytest" errors="0" failures="0" skipped="2" tests="16" time="7.714" timestamp="2026-01-25T19:20:42.235699+00:00" hostname="agent-env-207100db-0fdf-42ea-a30f-43995f763ad6"><testcase classname="backend.tests.test_admin_seller.TestAdminAuthentication" name="test_admin_login_success" time="0.795" /><testcase classname="backend.tests.test_admin_seller.TestAdminAuthentication" name="test_super_admin_login_success" time="0.758" /><testcase classname="backend.tests.test_admin_seller.TestAdminAuthentication" name="test_admin_login_invalid_credentials" time="0.419" /><testcase classname="backend.tests.test_admin_seller.TestAdminDashboard" name="test_dashboard_requires_auth" time="0.040" /><testcase classname="backend.tests.test_admin_seller.TestAdminDashboard" name="test_dashboard_returns_stats" time="1.096" /><testcase classname="backend.tests.test_admin_seller.TestAdminPendingListings" name="test_pending_listings_requires_auth" time="0.035" /><testcase classname="backend.tests.test_admin_seller.TestAdminPendingListings" name="test_pending_listings_returns_data" time="1.022" /><testcase classname="backend.tests.test_admin_seller.TestAdminPendingKYC" name="test_pending_kyc_requires_auth" time="0.036" /><testcase classname="backend.tests.test_admin_seller.TestAdminPendingKYC" name="test_pending_kyc_returns_data" time="1.021" /><testcase classname="backend.tests.test_admin_seller.TestAdminDisputes" name="test_disputes_requires_auth" time="0.060" /><testcase classname="backend.tests.test_admin_seller.TestAdminDisputes" name="test_disputes_returns_data" time="1.022" /><testcase classname="backend.tests.test_admin_seller.TestSellerRoutes" name="test_my_listings_requires_auth" time="0.032" /><testcase classname="backend.tests.test_admin_seller.TestSellerRoutes" name="test_my_listings_requires_seller_role" time="1.016" /><testcase classname="backend.tests.test_admin_seller.TestRoleBasedAccess" name="test_regular_user_cannot_access_admin_dashboard" time="0.035"><skipped type="pytest.skip" message="Could not register test user">/app/backend/tests/test_admin_seller.py:273: Could not register test user</skipped></testcase><testcase classname="backend.tests.test_admin_seller.TestRoleBasedAccess" name="test_regular_user_cannot_access_pending_listings" time="0.037"><skipped type="pytest.skip" message="Could not register test user">/app/backend/tests/test_admin_seller.py:295: Could not register test user</skipped></testcase><testcase classname="backend.tests.test_admin_seller.TestGamesAPI" name="test_games_list" time="0.230" /></testsuite></testsuites>